<?xml version="1.0" encoding="UTF-8"?>
<!-- Generated by org.testng.reporters.JUnitXMLReporter -->
<testsuite hostname="hp" name="Test" tests="4" failures="0" timestamp="13 May 2019 18:54:57 GMT" time="112.537" errors="0">
  <testcase name="tc8" time="16.669" classname="org.testing.TestScripts.TC3"/>
  <testcase name="tc8" time="16.924" classname="org.testing.TestScripts.TC4"/>
  <testcase name="tc2" time="9.308" classname="org.testing.TestScripts.TC1"/>
  <testcase name="tc5" time="9.701" classname="org.testing.TestScripts.TC2"/>
</testsuite> <!-- Test -->
