<?xml version="1.0" encoding="UTF-8"?>
<!-- Generated by org.testng.reporters.JUnitXMLReporter -->
<testsuite hostname="hp" name="Command line test 9162a344-3599-47e9-8d7d-738d21da807d" tests="2" failures="0" timestamp="16 May 2019 16:41:55 GMT" time="59.743" errors="0">
  <testcase name="tc2" time="10.284" classname="org.testing.TestScripts.TC1"/>
  <testcase name="tc8" time="18.432" classname="org.testing.TestScripts.TC4"/>
</testsuite> <!-- Command line test 9162a344-3599-47e9-8d7d-738d21da807d -->
