<?xml version="1.0" encoding="UTF-8"?>
<!-- Generated by org.testng.reporters.JUnitXMLReporter -->
<testsuite hostname="hp" name="Command line test 590d3c8f-2f40-4966-bf6c-18e4a3d727fc" tests="4" failures="0" timestamp="16 May 2019 16:30:12 GMT" time="154.808" errors="0">
  <testcase name="tc2" time="11.804" classname="org.testing.TestScripts.TC1"/>
  <testcase name="tc5" time="11.634" classname="org.testing.TestScripts.TC2"/>
  <testcase name="tc8" time="19.355" classname="org.testing.TestScripts.TC3"/>
  <testcase name="tc8" time="20.787" classname="org.testing.TestScripts.TC4"/>
</testsuite> <!-- Command line test 590d3c8f-2f40-4966-bf6c-18e4a3d727fc -->
