<?xml version="1.0" encoding="UTF-8"?>
<!-- Generated by org.testng.reporters.JUnitXMLReporter -->
<testsuite hostname="hp" name="Command line test 387d2c61-f305-46b1-a9b8-c64e653b1cdc" tests="4" failures="0" timestamp="16 May 2019 16:35:40 GMT" time="124.875" errors="0">
  <testcase name="tc2" time="12.106" classname="org.testing.TestScripts.TC1"/>
  <testcase name="tc5" time="11.106" classname="org.testing.TestScripts.TC2"/>
  <testcase name="tc8" time="21.122" classname="org.testing.TestScripts.TC3"/>
  <testcase name="tc8" time="17.926" classname="org.testing.TestScripts.TC4"/>
</testsuite> <!-- Command line test 387d2c61-f305-46b1-a9b8-c64e653b1cdc -->
