<?xml version="1.0" encoding="UTF-8"?>
<!-- Generated by org.testng.reporters.JUnitXMLReporter -->
<testsuite hostname="hp" name="Command line test 4e4133d7-8e0e-4c9d-b6a6-6ff36122076f" tests="4" failures="0" timestamp="17 May 2019 18:20:53 GMT" time="186.156" errors="0">
  <testcase name="tc2" time="12.669" classname="org.testing.TestScripts.TC1"/>
  <testcase name="tc5" time="11.504" classname="org.testing.TestScripts.TC2"/>
  <testcase name="tc8" time="77.537" classname="org.testing.TestScripts.TC3"/>
  <testcase name="tc8" time="17.929" classname="org.testing.TestScripts.TC4"/>
</testsuite> <!-- Command line test 4e4133d7-8e0e-4c9d-b6a6-6ff36122076f -->
